Arguments: 
  /usr/local/bin/node /usr/share/yarn/bin/yarn.js remove burry-cli -g

PATH: 
  /usr/local/sbin:/usr/local/bin:/usr/sbin:/usr/bin:/sbin:/bin:/usr/games:/usr/local/games:/snap/bin:/opt/sdk/jdk8u171/bin:/opt/sdk/jdk8u171/jre/bin:/opt/zookeeper/apache-zookeeper-3.6.0/bin:/home/inori0w0/.deno/bin:/home/inori0w0/.deno/bin:/home/inori0w0/.deno/bin:/home/inori0w0/.deno/bin

Yarn version: 
  1.22.5

Node version: 
  15.0.1

Platform: 
  linux x64

Trace: 
  Error: EACCES: permission denied, unlink '/home/inori0w0/study/vue/cli/burry-cli/node_modules/.bin/burry-cli'

npm manifest: 
  {
    "name": "burry-cli",
    "version": "0.0.3",
    "description": "download template cli",
    "main": "main.js",
    "scripts": {
      "test": "echo \"Error: no test specified\" && exit 1"
    },
    "bin": {
      "burry-cli": "main.js"
    },
    "author": "inori0w0",
    "license": "ISC",
    "dependencies": {
      "child_process": "^1.0.2",
      "commander": "^7.1.0"
    }
  }

yarn manifest: 
  No manifest

Lockfile: 
  # THIS IS AN AUTOGENERATED FILE. DO NOT EDIT THIS FILE DIRECTLY.
  # yarn lockfile v1
  
  
  burry-cli@^0.0.3:
    version "0.0.3"
    resolved "https://registry.npmjs.org/burry-cli/-/burry-cli-0.0.3.tgz#b96974e3d8d5548c817a27e4e511d598f4ec0f3f"
    integrity sha512-FrDrHculPrYcLYrmLABrLglmSOwZ+HrAOx89/I5MmU9Wu0h1o/qI44HlgfdiSlTlUmQO2B4uFHYMCKxWrWQ3Sg==
    dependencies:
      child_process "^1.0.2"
      commander "^7.1.0"
  
  child_process@^1.0.2:
    version "1.0.2"
    resolved "https://registry.npm.taobao.org/child_process/download/child_process-1.0.2.tgz"
    integrity sha1-sffn/HPSXn/R1FWtyU4UODAYK1o=
  
  commander@^7.1.0:
    version "7.1.0"
    resolved "https://registry.npm.taobao.org/commander/download/commander-7.1.0.tgz?cache=0&sync_timestamp=1613374024216&other_urls=https%3A%2F%2Fregistry.npm.taobao.org%2Fcommander%2Fdownload%2Fcommander-7.1.0.tgz"
    integrity sha1-8urs8THxDjbgfYlGmCJuNq4Otf8=
